<?xml version="1.0" encoding="UTF-8"?>
<testsuite xmlns:xsi="http://www.w3.org/2001/XMLSchema-instance" xsi:noNamespaceSchemaLocation="https://maven.apache.org/surefire/maven-surefire-plugin/xsd/surefire-test-report-3.0.xsd" version="3.0" name="it.live.crm.CrmApplicationTests" time="6.48" tests="1" errors="0" skipped="0" failures="0">
  <properties>
[...]
</properties>
  <testcase name="contextLoads" classname="it.live.crm.CrmApplicationTests" time="0.4">
    <system-out><![CDATA[22:46:04.845 [main] INFO org.springframework.test.context.support.AnnotationConfigContextLoaderUtils -- Could not detect default configuration classes for test class [it.live.crm.CrmApplicationTests]: CrmApplicationTests does not declare any static, non-private, non-final, nested classes annotated with @Configuration.
22:46:04.955 [main] INFO org.springframework.boot.test.context.SpringBootTestContextBootstrapper -- Found @SpringBootConfiguration it.live.crm.CrmApplication for test class it.live.crm.CrmApplicationTests
  .   ____          _            __ _ _
 /\\ / ___'_ __ _ _(_)_ __  __ _ \ \ \ \
( ( )\___ | '_ | '_| | '_ \/ _` | \ \ \ \
 \\/  ___)| |_)| | | | | || (_| |  ) ) ) )
  '  |____| .__|_| |_|_| |_\__, | / / / /
 =========|_|==============|___/=/_/_/_/

 :: Spring Boot ::                (v3.3.0)

2024-06-19T22:46:05.256+05:00  INFO 49073 --- [           main] it.live.crm.CrmApplicationTests          : Starting CrmApplicationTests using Java 17.0.11 with PID 49073 (started by abdulaziz in /home/abdulaziz/IdeaProjects/crmEducationCenter)
2024-06-19T22:46:05.257+05:00  INFO 49073 --- [           main] it.live.crm.CrmApplicationTests          : No active profile set, falling back to 1 default profile: "default"
2024-06-19T22:46:05.937+05:00  INFO 49073 --- [           main] .s.d.r.c.RepositoryConfigurationDelegate : Bootstrapping Spring Data JPA repositories in DEFAULT mode.
2024-06-19T22:46:06.015+05:00  INFO 49073 --- [           main] .s.d.r.c.RepositoryConfigurationDelegate : Finished Spring Data repository scanning in 73 ms. Found 12 JPA repository interfaces.
2024-06-19T22:46:06.528+05:00  INFO 49073 --- [           main] o.hibernate.jpa.internal.util.LogHelper  : HHH000204: Processing PersistenceUnitInfo [name: default]
2024-06-19T22:46:06.558+05:00  INFO 49073 --- [           main] org.hibernate.Version                    : HHH000412: Hibernate ORM core version 6.5.2.Final
2024-06-19T22:46:06.594+05:00  INFO 49073 --- [           main] o.h.c.internal.RegionFactoryInitiator    : HHH000026: Second-level cache disabled
2024-06-19T22:46:06.830+05:00  INFO 49073 --- [           main] o.s.o.j.p.SpringPersistenceUnitInfo      : No LoadTimeWeaver setup: ignoring JPA class transformer
2024-06-19T22:46:06.856+05:00  INFO 49073 --- [           main] com.zaxxer.hikari.HikariDataSource       : HikariPool-1 - Starting...
2024-06-19T22:46:07.106+05:00  INFO 49073 --- [           main] com.zaxxer.hikari.pool.HikariPool        : HikariPool-1 - Added connection org.postgresql.jdbc.PgConnection@1f5d7fd5
2024-06-19T22:46:07.107+05:00  INFO 49073 --- [           main] com.zaxxer.hikari.HikariDataSource       : HikariPool-1 - Start completed.
2024-06-19T22:46:08.081+05:00  INFO 49073 --- [           main] o.h.e.t.j.p.i.JtaPlatformInitiator       : HHH000489: No JTA platform available (set 'hibernate.transaction.jta.platform' to enable JTA platform integration)
Hibernate: alter table if exists attendance drop constraint if exists FKnq6vm31it076obtjf2qp5coim
Hibernate: alter table if exists change_or_deny_lesson drop constraint if exists FKfqto3k690x6dxh6c97pvn1cqv
Hibernate: alter table if exists guruh drop constraint if exists FK7u8r9blt3egf677no90r6gavh
Hibernate: alter table if exists guruh drop constraint if exists FKbk11lddhg71bs3fr4iaep637f
Hibernate: alter table if exists guruh_days drop constraint if exists FKguflgrldx2m8fcvb3eu0t6cfu
Hibernate: alter table if exists student drop constraint if exists FK2im117x3e4ffjrx11e1j4ta8j
Hibernate: alter table if exists student_group drop constraint if exists FKq4doab91ybtxi0283ju2913i1
Hibernate: alter table if exists student_group drop constraint if exists FKgjllnbvo075iomudum0rdrblb
Hibernate: alter table if exists student_archive_group drop constraint if exists FKjfxoiojwvf4cric3jqbdpf8bm
Hibernate: alter table if exists student_archive_group drop constraint if exists FKk3wk1ikn5jdge7uw1r5ejqaat
Hibernate: alter table if exists student_lead drop constraint if exists FKaqpk55yg94q2u5iundruaedqp
Hibernate: alter table if exists student_lead drop constraint if exists FKg5h9271f0qsbi037xd9d9rnhv
Hibernate: alter table if exists teacher_attendance drop constraint if exists FKbx65ur1a1282uj4dcai8ihnps
Hibernate: alter table if exists teacher_attendance drop constraint if exists FKk4wlix9ewdkv4cu47eopr16ae
Hibernate: alter table if exists teacher_percentage drop constraint if exists FKo58xsiv13vdi59vqv7bh38kt5
Hibernate: alter table if exists users_role_name drop constraint if exists FKdjo9aconuf058o1ksm1yt7k0i
Hibernate: alter table if exists users_role_name drop constraint if exists FKqovbimx7lh12i2sdfeybupea9
Hibernate: drop table if exists attendance cascade
Hibernate: drop table if exists change_or_deny_lesson cascade
Hibernate: drop table if exists course cascade
Hibernate: drop table if exists expectations cascade
Hibernate: drop table if exists guruh cascade
Hibernate: drop table if exists guruh_days cascade
Hibernate: drop table if exists role_name cascade
Hibernate: drop table if exists student cascade
Hibernate: drop table if exists student_group cascade
Hibernate: drop table if exists student_archive_group cascade
Hibernate: drop table if exists student_lead cascade
Hibernate: drop table if exists teacher_attendance cascade
Hibernate: drop table if exists teacher_percentage cascade
Hibernate: drop table if exists users cascade
Hibernate: drop table if exists users_role_name cascade
Hibernate: drop table if exists where_link cascade
Hibernate: create table attendance (attendance_date date, is_come boolean, created_at timestamp(6), student_id bigint, updated_at timestamp(6), id uuid not null, primary key (id))
Hibernate: create table change_or_deny_lesson (is_cancelled boolean, passed_date date, real_date date, created_at timestamp(6), group_id bigint, id bigint generated by default as identity, updated_at timestamp(6), primary key (id))
Hibernate: create table course (month_count integer, price float(53), created_at timestamp(6), id bigint generated by default as identity, updated_at timestamp(6), name varchar(255), primary key (id))
Hibernate: create table expectations (created_at timestamp(6), id bigint generated by default as identity, updated_at timestamp(6), name varchar(255), primary key (id))
Hibernate: create table guruh (is_finished boolean, is_group boolean, start_date date, start_time time(6), course_id bigint, created_at timestamp(6), id bigint generated by default as identity, teacher_id bigint, updated_at timestamp(6), name varchar(255), primary key (id))
Hibernate: create table guruh_days (guruh_id bigint not null, days varchar(255) check (days in ('MONDAY','TUESDAY','WEDNESDAY','THURSDAY','FRIDAY','SATURDAY','SUNDAY')))
Hibernate: create table role_name (created_at timestamp(6), id bigint generated by default as identity, updated_at timestamp(6), name varchar(255), primary key (id))
Hibernate: create table student (birth_date date, gender boolean, is_deleted boolean, is_student boolean, created_at timestamp(6), expectations_id bigint, id bigint generated by default as identity, updated_at timestamp(6), full_name varchar(255), location varchar(255), parent_phone_number varchar(255), passport_id varchar(255), phone_number varchar(255), telegram_link varchar(255), primary key (id))
Hibernate: create table student_group (group_id bigint not null, student_id bigint not null)
Hibernate: create table student_archive_group (boshlanishi date, til date, created_at timestamp(6), group_id bigint, id bigint generated by default as identity, student_id bigint, updated_at timestamp(6), primary key (id))
Hibernate: create table student_lead (created_at timestamp(6), id bigint generated by default as identity, student_id bigint, updated_at timestamp(6), where_link_id bigint, comment varchar(255), primary key (id))
Hibernate: create table teacher_attendance (date date, money_count_for_date float(53), created_at timestamp(6), group_id bigint, teacher_id bigint, updated_at timestamp(6), id uuid not null, primary key (id))
Hibernate: create table teacher_percentage (count float(53), created_at timestamp(6), id bigint generated by default as identity, teacher_id bigint unique, updated_at timestamp(6), type varchar(255) check (type in ('PER_PUPIL_SUM','PER_PUPIL_PERCENTAGE')), primary key (id))
Hibernate: create table users (birth_date date, is_deleted boolean, sex boolean, created_at timestamp(6), id bigint generated by default as identity, updated_at timestamp(6), avatar_link varchar(255), name varchar(255), password varchar(255), phone_number varchar(255) unique, surname varchar(255), primary key (id))
Hibernate: create table users_role_name (role_name_id bigint not null, users_id bigint not null)
Hibernate: create table where_link (created_at timestamp(6), id bigint generated by default as identity, updated_at timestamp(6), link varchar(255), name varchar(255), primary key (id))
Hibernate: alter table if exists attendance add constraint FKnq6vm31it076obtjf2qp5coim foreign key (student_id) references student
Hibernate: alter table if exists change_or_deny_lesson add constraint FKfqto3k690x6dxh6c97pvn1cqv foreign key (group_id) references guruh
Hibernate: alter table if exists guruh add constraint FK7u8r9blt3egf677no90r6gavh foreign key (course_id) references course
Hibernate: alter table if exists guruh add constraint FKbk11lddhg71bs3fr4iaep637f foreign key (teacher_id) references users
Hibernate: alter table if exists guruh_days add constraint FKguflgrldx2m8fcvb3eu0t6cfu foreign key (guruh_id) references guruh
Hibernate: alter table if exists student add constraint FK2im117x3e4ffjrx11e1j4ta8j foreign key (expectations_id) references expectations
Hibernate: alter table if exists student_group add constraint FKq4doab91ybtxi0283ju2913i1 foreign key (group_id) references guruh
Hibernate: alter table if exists student_group add constraint FKgjllnbvo075iomudum0rdrblb foreign key (student_id) references student
Hibernate: alter table if exists student_archive_group add constraint FKjfxoiojwvf4cric3jqbdpf8bm foreign key (group_id) references guruh
Hibernate: alter table if exists student_archive_group add constraint FKk3wk1ikn5jdge7uw1r5ejqaat foreign key (student_id) references student
Hibernate: alter table if exists student_lead add constraint FKaqpk55yg94q2u5iundruaedqp foreign key (student_id) references student
Hibernate: alter table if exists student_lead add constraint FKg5h9271f0qsbi037xd9d9rnhv foreign key (where_link_id) references where_link
Hibernate: alter table if exists teacher_attendance add constraint FKbx65ur1a1282uj4dcai8ihnps foreign key (group_id) references guruh
Hibernate: alter table if exists teacher_attendance add constraint FKk4wlix9ewdkv4cu47eopr16ae foreign key (teacher_id) references users
Hibernate: alter table if exists teacher_percentage add constraint FKo58xsiv13vdi59vqv7bh38kt5 foreign key (teacher_id) references users
Hibernate: alter table if exists users_role_name add constraint FKdjo9aconuf058o1ksm1yt7k0i foreign key (role_name_id) references role_name
Hibernate: alter table if exists users_role_name add constraint FKqovbimx7lh12i2sdfeybupea9 foreign key (users_id) references users
2024-06-19T22:46:08.227+05:00  INFO 49073 --- [           main] j.LocalContainerEntityManagerFactoryBean : Initialized JPA EntityManagerFactory for persistence unit 'default'
2024-06-19T22:46:08.693+05:00  INFO 49073 --- [           main] o.s.d.j.r.query.QueryEnhancerFactory     : Hibernate is in classpath; If applicable, HQL parser will be used.
2024-06-19T22:46:09.060+05:00  WARN 49073 --- [           main] o.s.aop.framework.CglibAopProxy          : Unable to proxy interface-implementing method [public final void org.springframework.web.filter.OncePerRequestFilter.doFilter(jakarta.servlet.ServletRequest,jakarta.servlet.ServletResponse,jakarta.servlet.FilterChain) throws jakarta.servlet.ServletException,java.io.IOException] because it is marked as final, consider using interface-based JDK proxies instead.
2024-06-19T22:46:09.060+05:00  WARN 49073 --- [           main] o.s.aop.framework.CglibAopProxy          : Unable to proxy interface-implementing method [public final void org.springframework.web.filter.GenericFilterBean.init(jakarta.servlet.FilterConfig) throws jakarta.servlet.ServletException] because it is marked as final, consider using interface-based JDK proxies instead.
2024-06-19T22:46:09.421+05:00  INFO 49073 --- [           main] eAuthenticationProviderManagerConfigurer : Global AuthenticationManager configured with AuthenticationProvider bean with name authenticationProvider
2024-06-19T22:46:09.421+05:00  WARN 49073 --- [           main] r$InitializeUserDetailsManagerConfigurer : Global AuthenticationManager configured with an AuthenticationProvider bean. UserDetailsService beans will not be used for username/password login. Consider removing the AuthenticationProvider bean. Alternatively, consider using the UserDetailsService in a manually instantiated DaoAuthenticationProvider.
2024-06-19T22:46:09.550+05:00  WARN 49073 --- [           main] JpaBaseConfiguration$JpaWebConfiguration : spring.jpa.open-in-view is enabled by default. Therefore, database queries may be performed during view rendering. Explicitly configure spring.jpa.open-in-view to disable this warning
2024-06-19T22:46:09.860+05:00  INFO 49073 --- [           main] o.s.s.web.DefaultSecurityFilterChain     : Will secure any request with [org.springframework.security.web.session.DisableEncodeUrlFilter@3e42cff9, org.springframework.security.web.context.request.async.WebAsyncManagerIntegrationFilter@1989a143, org.springframework.security.web.context.SecurityContextHolderFilter@76ad048a, org.springframework.security.web.header.HeaderWriterFilter@4e2bed0f, org.springframework.web.filter.CorsFilter@63a9ab7d, org.springframework.security.web.authentication.logout.LogoutFilter@40406a3f, it.live.crm.jwt.JwtFilter@71cdb24, org.springframework.security.web.savedrequest.RequestCacheAwareFilter@4d13b552, org.springframework.security.web.servletapi.SecurityContextHolderAwareRequestFilter@60adea01, org.springframework.security.web.authentication.AnonymousAuthenticationFilter@731660c1, org.springframework.security.web.session.SessionManagementFilter@570f2cf7, org.springframework.security.web.access.ExceptionTranslationFilter@2f96e49f, org.springframework.security.web.access.intercept.AuthorizationFilter@1e072d67]
2024-06-19T22:46:10.322+05:00  INFO 49073 --- [           main] it.live.crm.CrmApplicationTests          : Started CrmApplicationTests in 5.263 seconds (process running for 6.123)
Hibernate: insert into role_name (created_at,name,updated_at) values (?,?,?) returning id
Hibernate: insert into role_name (created_at,name,updated_at) values (?,?,?) returning id
Hibernate: insert into role_name (created_at,name,updated_at) values (?,?,?) returning id
Hibernate: insert into role_name (created_at,name,updated_at) values (?,?,?) returning id
Hibernate: select rn1_0.id,rn1_0.created_at,rn1_0.name,rn1_0.updated_at from role_name rn1_0 where rn1_0.name=?
Hibernate: insert into users (avatar_link,birth_date,created_at,is_deleted,name,password,phone_number,sex,surname,updated_at) values (?,?,?,?,?,?,?,?,?,?) returning id
Hibernate: insert into users_role_name (users_id,role_name_id) values (?,?)
Hibernate: insert into users (avatar_link,birth_date,created_at,is_deleted,name,password,phone_number,sex,surname,updated_at) values (?,?,?,?,?,?,?,?,?,?) returning id
Hibernate: insert into users_role_name (users_id,role_name_id) values (?,?)
Hibernate: insert into users (avatar_link,birth_date,created_at,is_deleted,name,password,phone_number,sex,surname,updated_at) values (?,?,?,?,?,?,?,?,?,?) returning id
Hibernate: insert into users_role_name (users_id,role_name_id) values (?,?)
Hibernate: insert into users (avatar_link,birth_date,created_at,is_deleted,name,password,phone_number,sex,surname,updated_at) values (?,?,?,?,?,?,?,?,?,?) returning id
Hibernate: insert into users_role_name (users_id,role_name_id) values (?,?)
Hibernate: insert into course (created_at,month_count,name,price,updated_at) values (?,?,?,?,?) returning id
Hibernate: insert into where_link (created_at,link,name,updated_at) values (?,?,?,?) returning id
Hibernate: insert into guruh (course_id,created_at,is_finished,is_group,name,start_date,start_time,teacher_id,updated_at) values (?,?,?,?,?,?,?,?,?) returning id
Hibernate: insert into guruh_days (guruh_id,days) values (?,?)
Hibernate: insert into guruh_days (guruh_id,days) values (?,?)
Hibernate: insert into student (birth_date,created_at,expectations_id,full_name,gender,is_deleted,is_student,location,parent_phone_number,passport_id,phone_number,telegram_link,updated_at) values (?,?,?,?,?,?,?,?,?,?,?,?,?) returning id
Hibernate: insert into student_group (student_id,group_id) values (?,?)
Hibernate: insert into attendance (attendance_date,created_at,is_come,student_id,updated_at,id) values (?,?,?,?,?,?)
Hibernate: insert into change_or_deny_lesson (created_at,group_id,is_cancelled,passed_date,real_date,updated_at) values (?,?,?,?,?,?) returning id
]]></system-out>
  </testcase>
</testsuite>